Binary file ./111111_mi.dtb matches
./adc.log:8:./am335x-boneblack-bbbmini.dts:169:&tscadc {
./adc.log:11:./am335x-boneblack-bbbmini-forErle.dts:180:&tscadc {
./adc.log:15:./am335x-boneblack-bbbmini-forErle_mi.dts:141:&tscadc {
./adc.log:18:./am335x-boneblack-bbbmini-forErle_mi.dts.bk.20151204:143:&tscadc {
./adc.log:24:./am335x-boneblack-forSMT.dts:143:&tscadc {
./adc.log:38:./am335x-cape-bbb-exp-r.dtsi:109:&tscadc {
./adc.log:43:./am335x-evm.dts:830:&tscadc {
./adc.log:47:./am335x-evmsk.dts:720:&tscadc {
./adc.log:51:./am335x-pepper.dts:499:&tscadc {
./adc.log:55:./am33xx.dtsi:864:		tscadc: tscadc@44e0d000 {
./adc.log:56:./am33xx.dtsi:865:			compatible = "ti,am3359-tscadc";
./adc.log:61:./am4372.dtsi:756:		tscadc: tscadc@44e0d000 {
./adc.log:62:./am4372.dtsi:757:			compatible = "ti,am3359-tscadc";
./adc.log:68:./am437x-gp-evm.dts:871:&tscadc {
./adc.log:75:./am43x-epos-evm.dts:714:&tscadc {
Binary file ./am335x-abbbi.dtb matches
Binary file ./am335x-arduino-tre.dtb matches
Binary file ./am335x-base0033.dtb matches
Binary file ./am335x-boneblack-bbb-exp-c.dtb matches
Binary file ./am335x-boneblack-bbb-exp-r.dtb matches
Binary file ./am335x-boneblack-bbbmini.dtb matches
./am335x-boneblack-bbbmini.dts:169:&tscadc {
./am335x-boneblack-bbbmini-forErle.dts:180:&tscadc {
Binary file ./am335x-boneblack-bbbmini-forErle_mi.dtb matches
./am335x-boneblack-bbbmini-forErle_mi.dts:141:&tscadc {
./am335x-boneblack-bbbmini-forErle_mi.dts.bk.20151204:143:&tscadc {
Binary file ./am335x-boneblack.dtb matches
Binary file ./am335x-boneblack-emmc-overlay.dtb matches
Binary file ./am335x-boneblack-forSMT.dtb matches
./am335x-boneblack-forSMT.dts:143:&tscadc {
Binary file ./am335x-boneblack-hdmi-overlay.dtb matches
Binary file ./am335x-boneblack-nhdmi-overlay.dtb matches
Binary file ./am335x-boneblack-overlay.dtb matches
Binary file ./am335x-boneblack-replicape.dtb matches
Binary file ./am335x-boneblack-spi0.dtb matches
Binary file ./am335x-boneblack-ttyS2.dtb matches
Binary file ./am335x-boneblack-wl1835mod.dtb matches
Binary file ./am335x-bone.dtb matches
Binary file ./am335x-bonegreen.dtb matches
Binary file ./am335x-bonegreen-overlay.dtb matches
./am335x-cape-bbb-exp-r.dtsi:109:&tscadc {
Binary file ./am335x-chiliboard.dtb matches
Binary file ./am335x-evm.dtb matches
./am335x-evm.dts:830:&tscadc {
Binary file ./am335x-evmsk.dtb matches
./am335x-evmsk.dts:720:&tscadc {
Binary file ./am335x-lxm.dtb matches
Binary file ./am335x-nano.dtb matches
Binary file ./am335x-pepper.dtb matches
./am335x-pepper.dts:499:&tscadc {
./am33xx.dtsi:864:		tscadc: tscadc@44e0d000 {
./am33xx.dtsi:865:			compatible = "ti,am3359-tscadc";
./am4372.dtsi:756:		tscadc: tscadc@44e0d000 {
./am4372.dtsi:757:			compatible = "ti,am3359-tscadc";
Binary file ./am437x-gp-evm.dtb matches
./am437x-gp-evm.dts:871:&tscadc {
Binary file ./am437x-gp-evm-hdmi.dtb matches
Binary file ./am437x-idk-evm.dtb matches
Binary file ./am437x-sk-evm.dtb matches
Binary file ./am43x-epos-evm.dtb matches
./am43x-epos-evm.dts:714:&tscadc {
Binary file ./am43x-epos-evm-hdmi.dtb matches
